<?xml version="1.0" encoding="UTF-8"?>
<testsuite xmlns:xsi="http://www.w3.org/2001/XMLSchema-instance" xsi:noNamespaceSchemaLocation="https://maven.apache.org/surefire/maven-surefire-plugin/xsd/surefire-test-report-3.0.xsd" version="3.0" name="com.yourcompany.paymentservice.AppTest" time="0.07" tests="11" errors="0" skipped="0" failures="0">
  <properties>
[...]
</properties>
  <testcase name="testAddFundsInvalidEmail" classname="com.yourcompany.paymentservice.AppTest" time="0.004"/>
  <testcase name="testAddFundsNegativeAmount" classname="com.yourcompany.paymentservice.AppTest" time="0.0"/>
  <testcase name="testCreateBillInvalidEmail" classname="com.yourcompany.paymentservice.AppTest" time="0.0"/>
  <testcase name="testCreateCustomer" classname="com.yourcompany.paymentservice.AppTest" time="0.0"/>
  <testcase name="testAddFundSuccess" classname="com.yourcompany.paymentservice.AppTest" time="0.001"/>
  <testcase name="testCreateBillSuccess" classname="com.yourcompany.paymentservice.AppTest" time="0.047"/>
  <testcase name="testViewBillSuccess" classname="com.yourcompany.paymentservice.AppTest" time="0.0"/>
  <testcase name="testUpdateBillSuccess" classname="com.yourcompany.paymentservice.AppTest" time="0.0"/>
  <testcase name="testDeleteBillSuccess" classname="com.yourcompany.paymentservice.AppTest" time="0.0"/>
  <testcase name="testPayBillSuccess" classname="com.yourcompany.paymentservice.AppTest" time="0.0"/>
  <testcase name="testPayBillsSuccess" classname="com.yourcompany.paymentservice.AppTest" time="0.002"/>
</testsuite>